<?xml version="1.0" encoding="UTF-8"?>
<!-- Generated by org.testng.reporters.JUnitXMLReporter -->
<testsuite ignored="0" hostname="DESKTOP-E3GEJ0V" failures="0" tests="3" name="Test" time="0.056" errors="0" timestamp="2021-06-18T22:37:22 IST">
  <testcase classname="actitime.com.test.classes.Actitime_TestClass" name="@BeforeTest launchBrowser" time="-1.624036042057E9">
    <failure type="org.testng.TestNGException" message="
Parameter &amp;apos;browser&amp;apos; is required by BeforeTest on method launchBrowser but has not been marked @Optional or defined
in C:\Users\Shivam Patil\eclipse-workspace\Actitime_Project\testng.xml">
      <![CDATA[org.testng.TestNGException: 
Parameter 'browser' is required by BeforeTest on method launchBrowser but has not been marked @Optional or defined
in C:\Users\Shivam Patil\eclipse-workspace\Actitime_Project\testng.xml
... Removed 21 stack frames]]>
    </failure>
  </testcase> <!-- @BeforeTest launchBrowser -->
  <testcase classname="actitime.com.test.classes.Actitime_TestClass" name="@BeforeClass creatObject" time="-1.624036042077E9">
    <skipped/>
  </testcase> <!-- @BeforeClass creatObject -->
  <testcase classname="actitime.com.test.classes.Actitime_TestClass" name="@BeforeMethod beforemethod" time="-1.624036042086E9">
    <skipped/>
  </testcase> <!-- @BeforeMethod beforemethod -->
  <testcase classname="actitime.com.test.classes.Actitime_TestClass" name="@AfterMethod aftermethod" time="-1.624036042092E9">
    <skipped/>
  </testcase> <!-- @AfterMethod aftermethod -->
  <testcase classname="actitime.com.test.classes.Actitime_TestClass" name="@BeforeMethod beforemethod" time="-1.624036042093E9">
    <skipped/>
  </testcase> <!-- @BeforeMethod beforemethod -->
  <testcase classname="actitime.com.test.classes.Actitime_TestClass" name="@AfterMethod aftermethod" time="-1.624036042097E9">
    <skipped/>
  </testcase> <!-- @AfterMethod aftermethod -->
  <testcase classname="actitime.com.test.classes.Actitime_TestClass" name="@BeforeMethod beforemethod" time="-1.624036042099E9">
    <skipped/>
  </testcase> <!-- @BeforeMethod beforemethod -->
  <testcase classname="actitime.com.test.classes.Actitime_TestClass" name="@AfterMethod aftermethod" time="-1.624036042102E9">
    <skipped/>
  </testcase> <!-- @AfterMethod aftermethod -->
  <testcase classname="actitime.com.test.classes.Actitime_TestClass" name="@AfterClass clearObjects" time="-1.624036042104E9">
    <skipped/>
  </testcase> <!-- @AfterClass clearObjects -->
  <testcase classname="actitime.com.test.classes.Actitime_TestClass" name="@AfterTest aftertest" time="-1.624036042107E9">
    <skipped/>
  </testcase> <!-- @AfterTest aftertest -->
  <testcase classname="actitime.com.test.classes.Actitime_TestClass" name="test1" time="0.0">
    <skipped/>
  </testcase> <!-- test1 -->
  <testcase classname="actitime.com.test.classes.Actitime_TestClass" name="test2" time="0.0">
    <skipped/>
  </testcase> <!-- test2 -->
  <testcase classname="actitime.com.test.classes.Actitime_TestClass" name="test3" time="0.0">
    <skipped/>
  </testcase> <!-- test3 -->
</testsuite> <!-- Test -->
